<?xml version="1.0" encoding="UTF-8"?>
<!-- Generated by org.testng.reporters.JUnitReportReporter -->
<testsuite hostname="pranita" failures="0" tests="1" name="cucumber.TestNGTestRunner" time="7.920" errors="0" timestamp="2024-07-16T22:51:14 IST" skipped="0">
  <testcase classname="cucumber.TestNGTestRunner" name="runScenario" time="7.920"/>
</testsuite> <!-- cucumber.TestNGTestRunner -->
