<?xml version="1.0" encoding="UTF-8"?>
<!-- Generated by org.testng.reporters.JUnitReportReporter -->
<testsuite hostname="pranita" failures="0" tests="2" name="rahulsettyacedeny.ErrorValidations" time="11.687" errors="0" timestamp="2024-07-07T17:40:18 IST" skipped="0">
  <testcase classname="rahulsettyacedeny.ErrorValidations" name="LoginErrorValidation" time="2.438"/>
  <testcase classname="rahulsettyacedeny.ErrorValidations" name="ProductErrorValidation" time="9.249"/>
</testsuite> <!-- rahulsettyacedeny.ErrorValidations -->
