<?xml version="1.0" encoding="UTF-8"?>
<!-- Generated by org.testng.reporters.JUnitReportReporter -->
<testsuite hostname="pranita" failures="0" tests="2" name="rahulsettyacedeny.ErrorValidationsTest" time="22.210" errors="0" timestamp="2024-07-13T15:47:39 IST" skipped="0">
  <testcase classname="rahulsettyacedeny.ErrorValidationsTest" name="ProductErrorValidation" time="9.990"/>
  <testcase classname="rahulsettyacedeny.ErrorValidationsTest" name="LoginErrorValidation" time="12.220"/>
</testsuite> <!-- rahulsettyacedeny.ErrorValidationsTest -->
