<?xml version="1.0" encoding="UTF-8"?>
<!-- Generated by org.testng.reporters.JUnitReportReporter -->
<testsuite hostname="pranita" failures="0" tests="3" name="rahulsettyacedeny.SubmitOrderTest" time="20.507" errors="0" timestamp="2024-07-13T17:45:06 IST" skipped="0">
  <testcase classname="rahulsettyacedeny.SubmitOrderTest" name="SubmitOrder" time="8.941"/>
  <testcase classname="rahulsettyacedeny.SubmitOrderTest" name="OrderHystoryTest" time="4.717"/>
  <testcase classname="rahulsettyacedeny.SubmitOrderTest" name="SubmitOrder" time="6.849"/>
</testsuite> <!-- rahulsettyacedeny.SubmitOrderTest -->
