<?xml version="1.0" encoding="UTF-8"?>
<!-- Generated by org.testng.reporters.JUnitReportReporter -->
<testsuite hostname="pranita" failures="0" tests="2" name="rahulsettyacedeny.ErrorValidationsTest" time="17.694" errors="0" timestamp="2024-07-16T22:41:35 IST" skipped="0">
  <testcase classname="rahulsettyacedeny.ErrorValidationsTest" name="ProductErrorValidation" time="13.435"/>
  <testcase classname="rahulsettyacedeny.ErrorValidationsTest" name="LoginErrorValidation" time="4.259"/>
</testsuite> <!-- rahulsettyacedeny.ErrorValidationsTest -->
