<?xml version="1.0" encoding="UTF-8"?>
<!-- Generated by org.testng.reporters.JUnitReportReporter -->
<testsuite hostname="pranita" failures="0" tests="3" name="rahulsettyacedeny.SubmitOrderTest" time="20.859" errors="0" timestamp="2024-07-16T22:41:35 IST" skipped="0">
  <testcase classname="rahulsettyacedeny.SubmitOrderTest" name="SubmitOrder" time="8.453"/>
  <testcase classname="rahulsettyacedeny.SubmitOrderTest" name="SubmitOrder" time="7.278"/>
  <testcase classname="rahulsettyacedeny.SubmitOrderTest" name="OrderHystoryTest" time="5.128"/>
</testsuite> <!-- rahulsettyacedeny.SubmitOrderTest -->
