<?xml version="1.0" encoding="UTF-8"?>
<!-- Generated by org.testng.reporters.JUnitReportReporter -->
<testsuite hostname="pranita" failures="0" tests="2" name="cucumber.TestNGTestRunner" time="16.616" errors="0" timestamp="2024-07-16T22:41:35 IST" skipped="0">
  <testcase classname="cucumber.TestNGTestRunner" name="runScenario" time="10.066"/>
  <testcase classname="cucumber.TestNGTestRunner" name="runScenario" time="6.550"/>
</testsuite> <!-- cucumber.TestNGTestRunner -->
